<?xml version="1.0" encoding="UTF-8"?>
<testsuite xmlns:xsi="http://www.w3.org/2001/XMLSchema-instance" xsi:noNamespaceSchemaLocation="https://maven.apache.org/surefire/maven-surefire-plugin/xsd/surefire-test-report.xsd" name="org.eclipse.jdt.ls.core.internal.handlers.MapFlattenerTest" time="0.002" tests="5" errors="0" skipped="0" failures="0">
  <properties>
    <property name="awt.toolkit" value="sun.awt.X11.XToolkit"/>
    <property name="java.specification.version" value="11"/>
    <property name="sun.cpu.isalist" value=""/>
    <property name="sun.jnu.encoding" value="UTF-8"/>
    <property name="osgi.nl" value="en_US"/>
    <property name="osgi.syspath" value="/home/chrisg/.m2/repository/p2/osgi/bundle/org.eclipse.osgi/3.16.400.v20210616-1525"/>
    <property name="sun.arch.data.model" value="64"/>
    <property name="equinox.init.uuid" value="true"/>
    <property name="ds.delayed.keepInstances.default" value="true"/>
    <property name="java.vendor.url" value="https://adoptopenjdk.net/"/>
    <property name="org.osgi.framework.system.capabilities" value="osgi.ee; osgi.ee=&quot;OSGi/Minimum&quot;; version:List&lt;Version&gt;=&quot;1.0, 1.1, 1.2&quot;, osgi.ee; osgi.ee=&quot;JRE&quot;; version:List&lt;Version&gt;=&quot;1.0, 1.1&quot;, osgi.ee; osgi.ee=&quot;JavaSE&quot;; version:List&lt;Version&gt;=&quot;1.0, 1.1, 1.2, 1.3, 1.4, 1.5, 1.6, 1.7, 1.8, 9.0, 10.0, 11.0&quot;,osgi.ee; osgi.ee=&quot;JavaSE/compact1&quot;; version:List&lt;Version&gt;=&quot;1.8, 9.0, 10.0, 11.0&quot;,osgi.ee; osgi.ee=&quot;JavaSE/compact2&quot;; version:List&lt;Version&gt;=&quot;1.8, 9.0, 10.0, 11.0&quot;,osgi.ee; osgi.ee=&quot;JavaSE/compact3&quot;; version:List&lt;Version&gt;=&quot;1.8, 9.0, 10.0, 11.0&quot;"/>
    <property name="sun.boot.library.path" value="/home/chrisg/.sdkman/candidates/java/11.0.11.hs-adpt/lib"/>
    <property name="sun.java.command" value="/home/chrisg/.m2/repository/p2/osgi/bundle/org.eclipse.equinox.launcher/1.6.200.v20210416-2027/org.eclipse.equinox.launcher-1.6.200.v20210416-2027.jar -data /home/chrisg/.SpaceVim.d/java/eclipse.jdt.ls/org.eclipse.jdt.ls.tests/target/work/data -install /home/chrisg/.SpaceVim.d/java/eclipse.jdt.ls/org.eclipse.jdt.ls.tests/target/work -configuration /home/chrisg/.SpaceVim.d/java/eclipse.jdt.ls/org.eclipse.jdt.ls.tests/target/work/configuration -application org.eclipse.tycho.surefire.osgibooter.headlesstest -testproperties /home/chrisg/.SpaceVim.d/java/eclipse.jdt.ls/org.eclipse.jdt.ls.tests/target/surefire.properties"/>
    <property name="jdk.debug" value="release"/>
    <property name="org.osgi.supports.framework.requirebundle" value="true"/>
    <property name="osgi.arch" value="x86_64"/>
    <property name="java.specification.vendor" value="Oracle Corporation"/>
    <property name="org.osgi.framework.language" value="en"/>
    <property name="org.osgi.framework.system.packages" value="com.sun.jarsigner, com.sun.java.accessibility.util, com.sun.javadoc, com.sun.jdi, com.sun.jdi.connect, com.sun.jdi.connect.spi, com.sun.jdi.event, com.sun.jdi.request, com.sun.jndi.ldap.spi, com.sun.management, com.sun.net.httpserver, com.sun.net.httpserver.spi, com.sun.nio.file, com.sun.nio.sctp, com.sun.security.auth, com.sun.security.auth.callback, com.sun.security.auth.login, com.sun.security.auth.module, com.sun.security.jgss, com.sun.source.doctree, com.sun.source.tree, com.sun.source.util, com.sun.tools.attach, com.sun.tools.attach.spi, com.sun.tools.javac, com.sun.tools.javadoc, com.sun.tools.jconsole, java.applet, java.awt, java.awt.color, java.awt.datatransfer, java.awt.desktop, java.awt.dnd, java.awt.event, java.awt.font, java.awt.geom, java.awt.im, java.awt.im.spi, java.awt.image, java.awt.image.renderable, java.awt.print, java.beans, java.beans.beancontext, java.io, java.lang, java.lang.annotation, java.lang.instrument, java.lang.invoke, java.lang.management, java.lang.module, java.lang.ref, java.lang.reflect, java.math, java.net, java.net.http, java.net.spi, java.nio, java.nio.channels, java.nio.channels.spi, java.nio.charset, java.nio.charset.spi, java.nio.file, java.nio.file.attribute, java.nio.file.spi, java.rmi, java.rmi.activation, java.rmi.dgc, java.rmi.registry, java.rmi.server, java.security, java.security.acl, java.security.cert, java.security.interfaces, java.security.spec, java.sql, java.text, java.text.spi, java.time, java.time.chrono, java.time.format, java.time.temporal, java.time.zone, java.util, java.util.concurrent, java.util.concurrent.atomic, java.util.concurrent.locks, java.util.function, java.util.jar, java.util.logging, java.util.prefs, java.util.regex, java.util.spi, java.util.stream, java.util.zip, javax.accessibility, javax.annotation.processing, javax.crypto, javax.crypto.interfaces, javax.crypto.spec, javax.imageio, javax.imageio.event, javax.imageio.metadata, javax.imageio.plugins.bmp, javax.imageio.plugins.jpeg, javax.imageio.plugins.tiff, javax.imageio.spi, javax.imageio.stream, javax.lang.model, javax.lang.model.element, javax.lang.model.type, javax.lang.model.util, javax.management, javax.management.loading, javax.management.modelmbean, javax.management.monitor, javax.management.openmbean, javax.management.relation, javax.management.remote, javax.management.remote.rmi, javax.management.timer, javax.naming, javax.naming.directory, javax.naming.event, javax.naming.ldap, javax.naming.spi, javax.net, javax.net.ssl, javax.print, javax.print.attribute, javax.print.attribute.standard, javax.print.event, javax.rmi.ssl, javax.script, javax.security.auth, javax.security.auth.callback, javax.security.auth.kerberos, javax.security.auth.login, javax.security.auth.spi, javax.security.auth.x500, javax.security.cert, javax.security.sasl, javax.smartcardio, javax.sound.midi, javax.sound.midi.spi, javax.sound.sampled, javax.sound.sampled.spi, javax.sql, javax.sql.rowset, javax.sql.rowset.serial, javax.sql.rowset.spi, javax.swing, javax.swing.border, javax.swing.colorchooser, javax.swing.event, javax.swing.filechooser, javax.swing.plaf, javax.swing.plaf.basic, javax.swing.plaf.metal, javax.swing.plaf.multi, javax.swing.plaf.nimbus, javax.swing.plaf.synth, javax.swing.table, javax.swing.text, javax.swing.text.html, javax.swing.text.html.parser, javax.swing.text.rtf, javax.swing.tree, javax.swing.undo, javax.tools, javax.transaction.xa, javax.xml, javax.xml.catalog, javax.xml.crypto, javax.xml.crypto.dom, javax.xml.crypto.dsig, javax.xml.crypto.dsig.dom, javax.xml.crypto.dsig.keyinfo, javax.xml.crypto.dsig.spec, javax.xml.datatype, javax.xml.namespace, javax.xml.parsers, javax.xml.stream, javax.xml.stream.events, javax.xml.stream.util, javax.xml.transform, javax.xml.transform.dom, javax.xml.transform.sax, javax.xml.transform.stax, javax.xml.transform.stream, javax.xml.validation, javax.xml.xpath, jdk.dynalink, jdk.dynalink.beans, jdk.dynalink.linker, jdk.dynalink.linker.support, jdk.dynalink.support, jdk.javadoc.doclet, jdk.jfr, jdk.jfr.consumer, jdk.jshell, jdk.jshell.execution, jdk.jshell.spi, jdk.jshell.tool, jdk.management.jfr, jdk.nashorn.api.scripting, jdk.nashorn.api.tree, jdk.net, jdk.nio, jdk.security.jarsigner, jdk.swing.interop, netscape.javascript, org.ietf.jgss, org.w3c.dom, org.w3c.dom.bootstrap, org.w3c.dom.css, org.w3c.dom.events, org.w3c.dom.html, org.w3c.dom.ls, org.w3c.dom.ranges, org.w3c.dom.stylesheets, org.w3c.dom.traversal, org.w3c.dom.views, org.w3c.dom.xpath, org.xml.sax, org.xml.sax.ext, org.xml.sax.helpers, sun.misc, sun.reflect"/>
    <property name="jdt.codeCompleteSubstringMatch" value="false"/>
    <property name="gosh.args" value="--nointeractive"/>
    <property name="eclipse.application" value="org.eclipse.tycho.surefire.osgibooter.headlesstest"/>
    <property name="java.version.date" value="2021-04-20"/>
    <property name="java.home" value="/home/chrisg/.sdkman/candidates/java/11.0.11.hs-adpt"/>
    <property name="file.separator" value="/"/>
    <property name="osgi.noShutdown" value="false"/>
    <property name="java.vm.compressedOopsMode" value="Zero based"/>
    <property name="line.separator" value="&#10;"/>
    <property name="org.osgi.framework.executionenvironment" value="OSGi/Minimum-1.0, OSGi/Minimum-1.1, OSGi/Minimum-1.2, JavaSE/compact1-1.8, JavaSE/compact2-1.8, JavaSE/compact3-1.8, JRE-1.1, J2SE-1.2, J2SE-1.3, J2SE-1.4, J2SE-1.5, JavaSE-1.6, JavaSE-1.7, JavaSE-1.8, JavaSE-9, JavaSE-10, JavaSE-11"/>
    <property name="java.specification.name" value="Java Platform API Specification"/>
    <property name="java.vm.specification.vendor" value="Oracle Corporation"/>
    <property name="osgi.compatibility.bootdelegation.default" value="true"/>
    <property name="sun.management.compiler" value="HotSpot 64-Bit Tiered Compilers"/>
    <property name="java.runtime.version" value="11.0.11+9"/>
    <property name="user.name" value="chrisg"/>
    <property name="securerandom.source" value="file:/dev/./urandom"/>
    <property name="osgi.framework.useSystemProperties" value="true"/>
    <property name="org.osgi.framework.vendor" value="Eclipse"/>
    <property name="completion.timeout" value="5000"/>
    <property name="file.encoding" value="UTF-8"/>
    <property name="guice.disable.misplaced.annotation.check" value="true"/>
    <property name="java.vendor.version" value="AdoptOpenJDK-11.0.11+9"/>
    <property name="osgi.dev" value="file:/home/chrisg/.SpaceVim.d/java/eclipse.jdt.ls/org.eclipse.jdt.ls.tests/target/work/dev.properties"/>
    <property name="java.io.tmpdir" value="/tmp"/>
    <property name="eclipse.home.location" value="file:/home/chrisg/.SpaceVim.d/java/eclipse.jdt.ls/org.eclipse.jdt.ls.tests/target/work/"/>
    <property name="java.version" value="11.0.11"/>
    <property name="osgi.bundles.defaultStartLevel" value="4"/>
    <property name="java.vm.specification.name" value="Java Virtual Machine Specification"/>
    <property name="java.awt.printerjob" value="sun.print.PSPrinterJob"/>
    <property name="sun.os.patch.level" value="unknown"/>
    <property name="osgi.configuration.cascaded" value="false"/>
    <property name="java.library.path" value="/usr/java/packages/lib:/usr/lib64:/lib64:/lib:/usr/lib"/>
    <property name="java.vendor" value="AdoptOpenJDK"/>
    <property name="sun.io.unicode.encoding" value="UnicodeLittle"/>
    <property name="library.jansi.path" value="/home/chrisg/.gradle/native/jansi/1.18/linux64"/>
    <property name="eclipse.stateSaveDelayInterval" value="30000"/>
    <property name="osgi.checkConfiguration" value="true"/>
    <property name="org.osgi.framework.version" value="1.10.0"/>
    <property name="java.class.path" value="/home/chrisg/.m2/repository/p2/osgi/bundle/org.eclipse.equinox.launcher/1.6.200.v20210416-2027/org.eclipse.equinox.launcher-1.6.200.v20210416-2027.jar"/>
    <property name="java.vm.vendor" value="AdoptOpenJDK"/>
    <property name="osgi.bundlefile.limit" value="100"/>
    <property name="user.timezone" value="America/New_York"/>
    <property name="org.osgi.framework.uuid" value="deb72ae1-263a-4a85-ba40-63ac96dd4f5c"/>
    <property name="os.name" value="Linux"/>
    <property name="java.vm.specification.version" value="11"/>
    <property name="org.osgi.framework.processor" value="x86-64"/>
    <property name="sun.java.launcher" value="SUN_STANDARD"/>
    <property name="user.country" value="US"/>
    <property name="sun.cpu.endian" value="little"/>
    <property name="osgi.logfile" value="/home/chrisg/.SpaceVim.d/java/eclipse.jdt.ls/org.eclipse.jdt.ls.tests/target/work/data/.metadata/.log"/>
    <property name="user.home" value="/home/chrisg"/>
    <property name="osgi.install.area" value="file:/home/chrisg/.SpaceVim.d/java/eclipse.jdt.ls/org.eclipse.jdt.ls.tests/target/work/"/>
    <property name="user.language" value="en"/>
    <property name="maven.defaultProjectBuilder.disableGlobalModelCache" value="true"/>
    <property name="osgi.tracefile" value="/home/chrisg/.SpaceVim.d/java/eclipse.jdt.ls/org.eclipse.jdt.ls.tests/target/work/data/.metadata/trace.log"/>
    <property name="java.awt.graphicsenv" value="sun.awt.X11GraphicsEnvironment"/>
    <property name="ds.delayed.keepInstances" value="true"/>
    <property name="eclipse.commands" value="-data&#10;/home/chrisg/.SpaceVim.d/java/eclipse.jdt.ls/org.eclipse.jdt.ls.tests/target/work/data&#10;-install&#10;/home/chrisg/.SpaceVim.d/java/eclipse.jdt.ls/org.eclipse.jdt.ls.tests/target/work&#10;-configuration&#10;/home/chrisg/.SpaceVim.d/java/eclipse.jdt.ls/org.eclipse.jdt.ls.tests/target/work/configuration&#10;-application&#10;org.eclipse.tycho.surefire.osgibooter.headlesstest&#10;-testproperties&#10;/home/chrisg/.SpaceVim.d/java/eclipse.jdt.ls/org.eclipse.jdt.ls.tests/target/surefire.properties&#10;"/>
    <property name="path.separator" value=":"/>
    <property name="osgi.compatibility.bootdelegation" value="true"/>
    <property name="os.version" value="5.12.15-arch1-1"/>
    <property name="java.runtime.name" value="OpenJDK Runtime Environment"/>
    <property name="org.osgi.supports.framework.fragment" value="true"/>
    <property name="osgi.bundles" value="reference:file:/home/chrisg/.m2/repository/p2/osgi/bundle/com.google.gson/2.8.6.v20201231-1626/com.google.gson-2.8.6.v20201231-1626.jar,reference:file:/home/chrisg/.m2/repository/p2/osgi/bundle/com.google.guava/30.1.0.v20210127-2300/com.google.guava-30.1.0.v20210127-2300.jar,reference:file:/home/chrisg/.m2/repository/p2/osgi/bundle/com.ibm.icu/67.1.0.v20200706-1749/com.ibm.icu-67.1.0.v20200706-1749.jar,reference:file:/home/chrisg/.m2/repository/p2/osgi/bundle/com.sun.jna/5.8.0.v20210503-0343/com.sun.jna-5.8.0.v20210503-0343.jar,reference:file:/home/chrisg/.m2/repository/p2/osgi/bundle/com.sun.jna.platform/5.8.0.v20210406-1004/com.sun.jna.platform-5.8.0.v20210406-1004.jar,reference:file:/home/chrisg/.m2/repository/p2/osgi/bundle/javax.annotation/1.3.5.v20200909-1856/javax.annotation-1.3.5.v20200909-1856.jar,reference:file:/home/chrisg/.SpaceVim.d/java/eclipse.jdt.ls/org.eclipse.jdt.ls.tests/target/work/plugins/org.apache.ant_1.10.10.v20210426-1926,reference:file:/home/chrisg/.m2/repository/p2/osgi/bundle/org.apache.batik.constants/1.14.0.v20210324-0332/org.apache.batik.constants-1.14.0.v20210324-0332.jar,reference:file:/home/chrisg/.m2/repository/p2/osgi/bundle/org.apache.batik.css/1.14.0.v20210324-0332/org.apache.batik.css-1.14.0.v20210324-0332.jar,reference:file:/home/chrisg/.m2/repository/p2/osgi/bundle/org.apache.batik.util/1.14.0.v20210324-0332/org.apache.batik.util-1.14.0.v20210324-0332.jar,reference:file:/home/chrisg/.m2/repository/p2/osgi/bundle/org.apache.batik.i18n/1.14.0.v20210324-0332/org.apache.batik.i18n-1.14.0.v20210324-0332.jar,reference:file:/home/chrisg/.m2/repository/p2/osgi/bundle/org.apache.xmlgraphics/2.6.0.v20210409-0748/org.apache.xmlgraphics-2.6.0.v20210409-0748.jar,reference:file:/home/chrisg/.m2/repository/p2/osgi/bundle/org.w3c.dom.svg/1.1.0.v201011041433/org.w3c.dom.svg-1.1.0.v201011041433.jar,reference:file:/home/chrisg/.m2/repository/p2/osgi/bundle/org.w3c.dom.events/3.0.0.draft20060413_v201105210656/org.w3c.dom.events-3.0.0.draft20060413_v201105210656.jar,reference:file:/home/chrisg/.m2/repository/p2/osgi/bundle/org.w3c.css.sac/1.3.1.v200903091627/org.w3c.css.sac-1.3.1.v200903091627.jar,reference:file:/home/chrisg/.m2/repository/p2/osgi/bundle/org.apache.commons.io/2.8.0.v20210415-0900/org.apache.commons.io-2.8.0.v20210415-0900.jar,reference:file:/home/chrisg/.m2/repository/p2/osgi/bundle/org.apache.commons.logging/1.2.0.v20180409-1502/org.apache.commons.logging-1.2.0.v20180409-1502.jar,reference:file:/home/chrisg/.m2/repository/p2/osgi/bundle/org.apache.felix.scr/2.1.24.v20200924-1939/org.apache.felix.scr-2.1.24.v20200924-1939.jar@1:start,reference:file:/home/chrisg/.m2/repository/p2/osgi/bundle/org.eclipse.osgi.services/3.10.100.v20210324-0936/org.eclipse.osgi.services-3.10.100.v20210324-0936.jar,reference:file:/home/chrisg/.m2/repository/p2/osgi/bundle/org.eclipse.osgi.util/3.6.0.v20210212-1137/org.eclipse.osgi.util-3.6.0.v20210212-1137.jar,reference:file:/home/chrisg/.m2/repository/p2/osgi/bundle/org.bouncycastle.bcpg/1.65.0.v20200527-1955/org.bouncycastle.bcpg-1.65.0.v20200527-1955.jar,reference:file:/home/chrisg/.m2/repository/p2/osgi/bundle/org.bouncycastle.bcprov/1.65.1.v20200529-1514/org.bouncycastle.bcprov-1.65.1.v20200529-1514.jar,reference:file:/home/chrisg/.m2/repository/p2/osgi/bundle/org.eclipse.buildship.core/3.1.5.v20210616-0346-s/org.eclipse.buildship.core-3.1.5.v20210616-0346-s.jar,reference:file:/home/chrisg/.m2/repository/p2/osgi/bundle/org.eclipse.core.expressions/3.8.0.v20210621-0954/org.eclipse.core.expressions-3.8.0.v20210621-0954.jar,reference:file:/home/chrisg/.m2/repository/p2/osgi/bundle/org.eclipse.core.filesystem/1.9.100.v20210611-0919/org.eclipse.core.filesystem-1.9.100.v20210611-0919.jar,reference:file:/home/chrisg/.m2/repository/p2/osgi/bundle/org.eclipse.core.net/1.3.1100.v20210424-0724/org.eclipse.core.net-1.3.1100.v20210424-0724.jar,reference:file:/home/chrisg/.m2/repository/p2/osgi/bundle/org.eclipse.core.runtime/3.23.0.v20210621-0954/org.eclipse.core.runtime-3.23.0.v20210621-0954.jar@4:start,reference:file:/home/chrisg/.m2/repository/p2/osgi/bundle/org.eclipse.core.resources/3.15.100.v20210615-1912/org.eclipse.core.resources-3.15.100.v20210615-1912.jar,reference:file:/home/chrisg/.m2/repository/p2/osgi/bundle/org.eclipse.core.variables/3.5.0.v20210510-1945/org.eclipse.core.variables-3.5.0.v20210510-1945.jar,reference:file:/home/chrisg/.m2/repository/p2/osgi/bundle/org.eclipse.jdt.core/3.27.0.v20210621-1201/org.eclipse.jdt.core-3.27.0.v20210621-1201.jar,reference:file:/home/chrisg/.m2/repository/p2/osgi/bundle/org.eclipse.jdt.junit.core/3.10.1100.v20210429-2046/org.eclipse.jdt.junit.core-3.10.1100.v20210429-2046.jar,reference:file:/home/chrisg/.m2/repository/p2/osgi/bundle/org.eclipse.jdt.launching/3.19.200.v20210326-1452/org.eclipse.jdt.launching-3.19.200.v20210326-1452.jar,reference:file:/home/chrisg/.m2/repository/p2/osgi/bundle/org.eclipse.debug.core/3.18.100.v20210511-0446/org.eclipse.debug.core-3.18.100.v20210511-0446.jar,reference:file:/home/chrisg/.m2/repository/p2/osgi/bundle/org.gradle.toolingapi/7.0.0.v20210616-0346-s/org.gradle.toolingapi-7.0.0.v20210616-0346-s.jar,reference:file:/home/chrisg/.m2/repository/p2/osgi/bundle/org.slf4j.api/1.7.30.v20200204-2150/org.slf4j.api-1.7.30.v20200204-2150.jar,reference:file:/home/chrisg/.m2/repository/p2/osgi/bundle/org.eclipse.compare/3.8.0.v20210415-0713/org.eclipse.compare-3.8.0.v20210415-0713.jar,reference:file:/home/chrisg/.m2/repository/p2/osgi/bundle/org.eclipse.ui/3.119.100.v20210609-0607/org.eclipse.ui-3.119.100.v20210609-0607.jar,reference:file:/home/chrisg/.m2/repository/p2/osgi/bundle/org.eclipse.jface.text/3.18.100.v20210615-1909/org.eclipse.jface.text-3.18.100.v20210615-1909.jar,reference:file:/home/chrisg/.m2/repository/p2/osgi/bundle/org.eclipse.ui.ide/3.18.300.v20210612-1512/org.eclipse.ui.ide-3.18.300.v20210612-1512.jar,reference:file:/home/chrisg/.m2/repository/p2/osgi/bundle/org.eclipse.ui.views/3.11.0.v20210111-1351/org.eclipse.ui.views-3.11.0.v20210111-1351.jar,reference:file:/home/chrisg/.m2/repository/p2/osgi/bundle/org.eclipse.ui.workbench.texteditor/3.16.100.v20210512-1009/org.eclipse.ui.workbench.texteditor-3.16.100.v20210512-1009.jar,reference:file:/home/chrisg/.m2/repository/p2/osgi/bundle/org.eclipse.ui.editors/3.14.200.v20210608-1140/org.eclipse.ui.editors-3.14.200.v20210608-1140.jar,reference:file:/home/chrisg/.m2/repository/p2/osgi/bundle/org.eclipse.ui.forms/3.11.100.v20210108-1139/org.eclipse.ui.forms-3.11.100.v20210108-1139.jar,reference:file:/home/chrisg/.m2/repository/p2/osgi/bundle/org.eclipse.compare.core/3.6.1000.v20201020-1107/org.eclipse.compare.core-3.6.1000.v20201020-1107.jar,reference:file:/home/chrisg/.m2/repository/p2/osgi/bundle/org.eclipse.core.commands/3.10.0.v20210401-0744/org.eclipse.core.commands-3.10.0.v20210401-0744.jar,reference:file:/home/chrisg/.m2/repository/p2/osgi/bundle/org.eclipse.equinox.common/3.15.0.v20210518-0604/org.eclipse.equinox.common-3.15.0.v20210518-0604.jar@2:start,reference:file:/home/chrisg/.m2/repository/p2/osgi/bundle/org.eclipse.core.contenttype/3.8.0.v20210621-0954/org.eclipse.core.contenttype-3.8.0.v20210621-0954.jar,reference:file:/home/chrisg/.m2/repository/p2/osgi/bundle/org.eclipse.equinox.preferences/3.8.200.v20210212-1143/org.eclipse.equinox.preferences-3.8.200.v20210212-1143.jar,reference:file:/home/chrisg/.m2/repository/p2/osgi/bundle/org.eclipse.equinox.registry/3.10.200.v20210503-1606/org.eclipse.equinox.registry-3.10.200.v20210503-1606.jar,reference:file:/home/chrisg/.m2/repository/p2/osgi/bundle/org.eclipse.core.databinding/1.10.100.v20200926-1123/org.eclipse.core.databinding-1.10.100.v20200926-1123.jar,reference:file:/home/chrisg/.m2/repository/p2/osgi/bundle/org.eclipse.core.databinding.observable/1.11.0.v20210619-1112/org.eclipse.core.databinding.observable-1.11.0.v20210619-1112.jar,reference:file:/home/chrisg/.m2/repository/p2/osgi/bundle/org.eclipse.core.databinding.property/1.9.0.v20210619-1129/org.eclipse.core.databinding.property-1.9.0.v20210619-1129.jar,reference:file:/home/chrisg/.m2/repository/p2/osgi/bundle/org.eclipse.core.filebuffers/3.7.0.v20210512-1543/org.eclipse.core.filebuffers-3.7.0.v20210512-1543.jar,reference:file:/home/chrisg/.m2/repository/p2/osgi/bundle/org.eclipse.text/3.12.0.v20210512-1644/org.eclipse.text-3.12.0.v20210512-1644.jar,reference:file:/home/chrisg/.m2/repository/p2/osgi/bundle/org.eclipse.core.jobs/3.12.0.v20210621-0954/org.eclipse.core.jobs-3.12.0.v20210621-0954.jar,reference:file:/home/chrisg/.m2/repository/p2/osgi/bundle/org.eclipse.equinox.security/1.3.700.v20210616-0726/org.eclipse.equinox.security-1.3.700.v20210616-0726.jar,reference:file:/home/chrisg/.m2/repository/p2/osgi/bundle/org.eclipse.equinox.app/1.5.100.v20210212-1143/org.eclipse.equinox.app-1.5.100.v20210212-1143.jar,reference:file:/home/chrisg/.m2/repository/p2/osgi/bundle/org.eclipse.e4.core.commands/1.0.0.v20210507-1901/org.eclipse.e4.core.commands-1.0.0.v20210507-1901.jar,reference:file:/home/chrisg/.m2/repository/p2/osgi/bundle/org.eclipse.e4.core.di/1.7.900.v20210621-0954/org.eclipse.e4.core.di-1.7.900.v20210621-0954.jar,reference:file:/home/chrisg/.m2/repository/p2/osgi/bundle/javax.inject/1.0.0.v20091030/javax.inject-1.0.0.v20091030.jar,reference:file:/home/chrisg/.m2/repository/p2/osgi/bundle/org.eclipse.e4.core.contexts/1.9.0.v20210621-0954/org.eclipse.e4.core.contexts-1.9.0.v20210621-0954.jar,reference:file:/home/chrisg/.m2/repository/p2/osgi/bundle/org.eclipse.e4.core.services/2.3.0.v20210621-0954/org.eclipse.e4.core.services-2.3.0.v20210621-0954.jar,reference:file:/home/chrisg/.m2/repository/p2/osgi/bundle/org.eclipse.e4.core.di.annotations/1.6.600.v20191216-2352/org.eclipse.e4.core.di.annotations-1.6.600.v20191216-2352.jar,reference:file:/home/chrisg/.m2/repository/p2/osgi/bundle/org.eclipse.e4.core.di.extensions/0.16.100.v20210621-0954/org.eclipse.e4.core.di.extensions-0.16.100.v20210621-0954.jar,reference:file:/home/chrisg/.m2/repository/p2/osgi/bundle/org.eclipse.e4.core.di.extensions.supplier/0.16.100.v20210621-0954/org.eclipse.e4.core.di.extensions.supplier-0.16.100.v20210621-0954.jar,reference:file:/home/chrisg/.m2/repository/p2/osgi/bundle/org.eclipse.e4.emf.xpath/0.3.0.v20210619-0956/org.eclipse.e4.emf.xpath-0.3.0.v20210619-0956.jar,reference:file:/home/chrisg/.m2/repository/p2/osgi/bundle/org.apache.commons.jxpath/1.3.0.v200911051830/org.apache.commons.jxpath-1.3.0.v200911051830.jar,reference:file:/home/chrisg/.m2/repository/p2/osgi/bundle/org.eclipse.emf.ecore/2.24.0.v20210405-0628/org.eclipse.emf.ecore-2.24.0.v20210405-0628.jar,reference:file:/home/chrisg/.m2/repository/p2/osgi/bundle/org.eclipse.e4.ui.bindings/0.13.0.v20201119-1132/org.eclipse.e4.ui.bindings-0.13.0.v20201119-1132.jar,reference:file:/home/chrisg/.m2/repository/p2/osgi/bundle/org.eclipse.swt/3.116.200.v20210621-2208/org.eclipse.swt-3.116.200.v20210621-2208.jar,reference:file:/home/chrisg/.m2/repository/p2/osgi/bundle/org.eclipse.e4.ui.services/1.5.0.v20210115-1333/org.eclipse.e4.ui.services-1.5.0.v20210115-1333.jar,reference:file:/home/chrisg/.m2/repository/p2/osgi/bundle/org.eclipse.jface/3.23.0.v20210620-0835/org.eclipse.jface-3.23.0.v20210620-0835.jar,reference:file:/home/chrisg/.m2/repository/p2/osgi/bundle/org.eclipse.e4.ui.css.core/0.13.0.v20201015-0653/org.eclipse.e4.ui.css.core-0.13.0.v20201015-0653.jar,reference:file:/home/chrisg/.m2/repository/p2/osgi/bundle/org.eclipse.e4.ui.css.swt/0.14.200.v20210401-1241/org.eclipse.e4.ui.css.swt-0.14.200.v20210401-1241.jar,reference:file:/home/chrisg/.m2/repository/p2/osgi/bundle/org.eclipse.e4.ui.css.swt.theme/0.13.0.v20201026-1147/org.eclipse.e4.ui.css.swt.theme-0.13.0.v20201026-1147.jar,reference:file:/home/chrisg/.m2/repository/p2/osgi/bundle/org.eclipse.e4.ui.di/1.4.0.v20210621-1133/org.eclipse.e4.ui.di-1.4.0.v20210621-1133.jar,reference:file:/home/chrisg/.m2/repository/p2/osgi/bundle/org.eclipse.e4.ui.dialogs/1.3.0.v20210619-1009/org.eclipse.e4.ui.dialogs-1.3.0.v20210619-1009.jar,reference:file:/home/chrisg/.m2/repository/p2/osgi/bundle/org.eclipse.e4.ui.ide/3.15.200.v20210108-1832/org.eclipse.e4.ui.ide-3.15.200.v20210108-1832.jar,reference:file:/home/chrisg/.m2/repository/p2/osgi/bundle/org.eclipse.e4.ui.model.workbench/2.1.1000.v20210111-0958/org.eclipse.e4.ui.model.workbench-2.1.1000.v20210111-0958.jar,reference:file:/home/chrisg/.m2/repository/p2/osgi/bundle/org.eclipse.equinox.event/1.6.0.v20210212-1143/org.eclipse.equinox.event-1.6.0.v20210212-1143.jar,reference:file:/home/chrisg/.m2/repository/p2/osgi/bundle/org.eclipse.e4.ui.widgets/1.3.0.v20210621-1136/org.eclipse.e4.ui.widgets-1.3.0.v20210621-1136.jar,reference:file:/home/chrisg/.m2/repository/p2/osgi/bundle/org.eclipse.e4.ui.workbench/1.13.0.v20210521-0741/org.eclipse.e4.ui.workbench-1.13.0.v20210521-0741.jar,reference:file:/home/chrisg/.m2/repository/p2/osgi/bundle/org.eclipse.emf.ecore.change/2.14.0.v20190528-0725/org.eclipse.emf.ecore.change-2.14.0.v20190528-0725.jar,reference:file:/home/chrisg/.m2/repository/p2/osgi/bundle/org.eclipse.emf.ecore.xmi/2.16.0.v20190528-0725/org.eclipse.emf.ecore.xmi-2.16.0.v20190528-0725.jar,reference:file:/home/chrisg/.m2/repository/p2/osgi/bundle/org.eclipse.e4.ui.workbench.addons.swt/1.4.200.v20210321-1910/org.eclipse.e4.ui.workbench.addons.swt-1.4.200.v20210321-1910.jar,reference:file:/home/chrisg/.m2/repository/p2/osgi/bundle/org.eclipse.e4.ui.workbench.renderers.swt/0.15.100.v20210515-1815/org.eclipse.e4.ui.workbench.renderers.swt-0.15.100.v20210515-1815.jar,reference:file:/home/chrisg/.m2/repository/p2/osgi/bundle/org.eclipse.e4.ui.workbench.swt/0.16.100.v20210315-1604/org.eclipse.e4.ui.workbench.swt-0.16.100.v20210315-1604.jar,reference:file:/home/chrisg/.m2/repository/p2/osgi/bundle/org.eclipse.jface.databinding/1.13.0.v20210619-1146/org.eclipse.jface.databinding-1.13.0.v20210619-1146.jar,reference:file:/home/chrisg/.m2/repository/p2/osgi/bundle/org.eclipse.e4.ui.workbench3/0.16.0.v20210619-0956/org.eclipse.e4.ui.workbench3-0.16.0.v20210619-0956.jar,reference:file:/home/chrisg/.m2/repository/p2/osgi/bundle/org.eclipse.urischeme/1.2.0.v20210619-0955/org.eclipse.urischeme-1.2.0.v20210619-0955.jar,reference:file:/home/chrisg/.m2/repository/p2/osgi/bundle/org.eclipse.emf.common/2.22.0.v20210319-0732/org.eclipse.emf.common-2.22.0.v20210319-0732.jar,reference:file:/home/chrisg/.m2/repository/p2/osgi/bundle/org.eclipse.equinox.bidi/1.3.100.v20210212-1143/org.eclipse.equinox.bidi-1.3.100.v20210212-1143.jar,reference:file:/home/chrisg/.m2/repository/p2/osgi/bundle/org.eclipse.equinox.frameworkadmin/2.2.0.v20210315-2042/org.eclipse.equinox.frameworkadmin-2.2.0.v20210315-2042.jar,reference:file:/home/chrisg/.m2/repository/p2/osgi/bundle/org.eclipse.equinox.frameworkadmin.equinox/1.2.0.v20210315-2042/org.eclipse.equinox.frameworkadmin.equinox-1.2.0.v20210315-2042.jar,reference:file:/home/chrisg/.m2/repository/p2/osgi/bundle/org.eclipse.equinox.launcher/1.6.200.v20210416-2027/org.eclipse.equinox.launcher-1.6.200.v20210416-2027.jar,reference:file:/home/chrisg/.m2/repository/p2/osgi/bundle/org.eclipse.equinox.p2.artifact.repository/1.4.200.v20210615-1334/org.eclipse.equinox.p2.artifact.repository-1.4.200.v20210615-1334.jar,reference:file:/home/chrisg/.m2/repository/p2/osgi/bundle/org.eclipse.equinox.p2.metadata/2.6.0.v20210331-1610/org.eclipse.equinox.p2.metadata-2.6.0.v20210331-1610.jar,reference:file:/home/chrisg/.m2/repository/p2/osgi/bundle/org.tukaani.xz/1.8.0.v20180207-1613/org.tukaani.xz-1.8.0.v20180207-1613.jar,reference:file:/home/chrisg/.m2/repository/p2/osgi/bundle/org.eclipse.equinox.p2.core/2.8.0.v20210618-0742/org.eclipse.equinox.p2.core-2.8.0.v20210618-0742.jar,reference:file:/home/chrisg/.m2/repository/p2/osgi/bundle/org.eclipse.equinox.p2.jarprocessor/1.2.0.v20210507-0825/org.eclipse.equinox.p2.jarprocessor-1.2.0.v20210507-0825.jar,reference:file:/home/chrisg/.m2/repository/p2/osgi/bundle/org.eclipse.equinox.p2.repository/2.5.200.v20210613-1953/org.eclipse.equinox.p2.repository-2.5.200.v20210613-1953.jar,reference:file:/home/chrisg/.m2/repository/p2/osgi/bundle/org.eclipse.equinox.p2.engine/2.7.100.v20210615-1334/org.eclipse.equinox.p2.engine-2.7.100.v20210615-1334.jar,reference:file:/home/chrisg/.m2/repository/p2/osgi/bundle/org.eclipse.equinox.p2.metadata.repository/1.4.0.v20210315-2228/org.eclipse.equinox.p2.metadata.repository-1.4.0.v20210315-2228.jar,reference:file:/home/chrisg/.m2/repository/p2/osgi/bundle/org.eclipse.equinox.simpleconfigurator/1.4.0.v20210315-2228/org.eclipse.equinox.simpleconfigurator-1.4.0.v20210315-2228.jar@1:start,reference:file:/home/chrisg/.m2/repository/p2/osgi/bundle/org.eclipse.equinox.simpleconfigurator.manipulator/2.2.0.v20210315-2228/org.eclipse.equinox.simpleconfigurator.manipulator-2.2.0.v20210315-2228.jar,reference:file:/home/chrisg/.m2/repository/p2/osgi/bundle/org.eclipse.help/3.9.0.v20210507-0822/org.eclipse.help-3.9.0.v20210507-0822.jar,reference:file:/home/chrisg/.m2/repository/p2/osgi/bundle/org.eclipse.jdt.apt.core/3.7.0.v20210618-1814/org.eclipse.jdt.apt.core-3.7.0.v20210618-1814.jar,reference:file:/home/chrisg/.m2/repository/p2/osgi/bundle/org.eclipse.jdt.apt.pluggable.core/1.3.0.v20210618-1653/org.eclipse.jdt.apt.pluggable.core-1.3.0.v20210618-1653.jar,reference:file:/home/chrisg/.m2/repository/p2/osgi/bundle/org.eclipse.jdt.compiler.tool/1.3.0.v20210618-1653/org.eclipse.jdt.compiler.tool-1.3.0.v20210618-1653.jar,reference:file:/home/chrisg/.m2/repository/p2/osgi/bundle/org.eclipse.jdt.compiler.apt/1.4.0.v20210618-1653/org.eclipse.jdt.compiler.apt-1.4.0.v20210618-1653.jar,reference:file:/home/chrisg/.m2/repository/p2/osgi/bundle/org.eclipse.jdt.core.manipulation/1.15.0.v20210618-1953/org.eclipse.jdt.core.manipulation-1.15.0.v20210618-1953.jar,reference:file:/home/chrisg/.m2/repository/p2/osgi/bundle/org.eclipse.ltk.core.refactoring/3.12.0.v20210618-1953/org.eclipse.ltk.core.refactoring-3.12.0.v20210618-1953.jar,reference:file:/home/chrisg/.SpaceVim.d/java/eclipse.jdt.ls/org.eclipse.jdt.ls.tests/target/work/plugins/org.eclipse.jdt.debug_3.17.200.v20210513-1223,reference:file:/home/chrisg/.m2/repository/p2/osgi/bundle/org.eclipse.jdt.junit.runtime/3.6.0.v20210326-1249/org.eclipse.jdt.junit.runtime-3.6.0.v20210326-1249.jar,reference:file:/home/chrisg/.m2/repository/p2/osgi/bundle/org.junit/4.13.0.v20200204-1500/org.junit-4.13.0.v20200204-1500.jar,reference:file:/home/chrisg/.SpaceVim.d/java/eclipse.jdt.ls/org.eclipse.jdt.ls.core/target/org.eclipse.jdt.ls.core-1.3.0-SNAPSHOT.jar,reference:file:/home/chrisg/.m2/repository/p2/osgi/bundle/org.apache.log4j/1.2.15.v201012070815/org.apache.log4j-1.2.15.v201012070815.jar,reference:file:/home/chrisg/.m2/repository/p2/osgi/bundle/org.apache.commons.lang3/3.1.0.v201403281430/org.apache.commons.lang3-3.1.0.v201403281430.jar,reference:file:/home/chrisg/.m2/repository/p2/osgi/bundle/org.eclipse.lsp4j/0.11.0.v20210319-1406/org.eclipse.lsp4j-0.11.0.v20210319-1406.jar,reference:file:/home/chrisg/.m2/repository/p2/osgi/bundle/org.eclipse.lsp4j.jsonrpc/0.11.0.v20210319-1406/org.eclipse.lsp4j.jsonrpc-0.11.0.v20210319-1406.jar,reference:file:/home/chrisg/.m2/repository/p2/osgi/bundle/org.eclipse.xtend.lib/2.25.0.v20210301-0821/org.eclipse.xtend.lib-2.25.0.v20210301-0821.jar,reference:file:/home/chrisg/.m2/repository/p2/osgi/bundle/org.eclipse.xtext.xbase.lib/2.25.0.v20210301-0821/org.eclipse.xtext.xbase.lib-2.25.0.v20210301-0821.jar,reference:file:/home/chrisg/.SpaceVim.d/java/eclipse.jdt.ls/org.eclipse.jdt.ls.tests,reference:file:/home/chrisg/.m2/repository/p2/osgi/bundle/org.eclipse.m2e.core/1.18.2.20210629-1450/org.eclipse.m2e.core-1.18.2.20210629-1450.jar,reference:file:/home/chrisg/.SpaceVim.d/java/eclipse.jdt.ls/org.eclipse.jdt.ls.tests/target/work/plugins/org.eclipse.m2e.maven.runtime_1.18.0.20210701-1401,reference:file:/home/chrisg/.m2/repository/p2/osgi/bundle/org.eclipse.m2e.jdt/1.18.2.20210630-1708/org.eclipse.m2e.jdt-1.18.2.20210630-1708.jar,reference:file:/home/chrisg/.m2/repository/p2/osgi/bundle/org.eclipse.m2e.lifecyclemapping.defaults/1.17.1.20210115-1536/org.eclipse.m2e.lifecyclemapping.defaults-1.17.1.20210115-1536.jar,reference:file:/home/chrisg/.m2/repository/p2/osgi/bundle/org.mockito.mockito-all/1.9.5/org.mockito.mockito-all-1.9.5.jar,reference:file:/home/chrisg/.m2/repository/p2/osgi/bundle/org.jboss.tools.maven.apt.core/1.5.3.201911081053/org.jboss.tools.maven.apt.core-1.5.3.201911081053.jar,reference:file:/home/chrisg/.m2/repository/p2/osgi/bundle/org.eclipse.jface.notifications/0.3.0.v20210218-1820/org.eclipse.jface.notifications-0.3.0.v20210218-1820.jar,reference:file:/home/chrisg/.m2/repository/p2/osgi/bundle/org.eclipse.ltk.ui.refactoring/3.12.0.v20210618-1953/org.eclipse.ltk.ui.refactoring-3.12.0.v20210618-1953.jar,reference:file:/home/chrisg/.m2/repository/p2/osgi/bundle/org.eclipse.ui.navigator/3.10.100.v20210415-0924/org.eclipse.ui.navigator-3.10.100.v20210415-0924.jar,reference:file:/home/chrisg/.m2/repository/p2/osgi/bundle/org.eclipse.team.core/3.9.100.v20210604-1207/org.eclipse.team.core-3.9.100.v20210604-1207.jar,reference:file:/home/chrisg/.m2/repository/p2/osgi/bundle/org.eclipse.team.ui/3.9.0.v20210426-0837/org.eclipse.team.ui-3.9.0.v20210426-0837.jar,reference:file:/home/chrisg/.SpaceVim.d/java/eclipse.jdt.ls/org.eclipse.jdt.ls.tests/target/work/plugins/org.eclipse.m2e.archetype.common_1.18.0.20210701-1401,reference:file:/home/chrisg/.SpaceVim.d/java/eclipse.jdt.ls/org.eclipse.jdt.ls.tests/target/work/plugins/org.eclipse.m2e.maven.indexer_1.18.0.20210701-1401,reference:file:/home/chrisg/.m2/repository/p2/osgi/bundle/org.eclipse.m2e.workspace.cli/0.3.1/org.eclipse.m2e.workspace.cli-0.3.1.jar,reference:file:/home/chrisg/.SpaceVim.d/java/eclipse.jdt.ls/org.eclipse.jdt.ls.tests/target/work/plugins/org.eclipse.m2e.maven.runtime.slf4j.simple_1.18.0.20210701-1401,reference:file:/home/chrisg/.m2/repository/p2/osgi/bundle/org.eclipse.swt.gtk.linux.x86_64/3.116.200.v20210621-2208/org.eclipse.swt.gtk.linux.x86_64-3.116.200.v20210621-2208.jar,reference:file:/home/chrisg/.m2/repository/p2/osgi/bundle/org.eclipse.ui.workbench/3.122.300.v20210619-1148/org.eclipse.ui.workbench-3.122.300.v20210619-1148.jar,reference:file:/home/chrisg/.m2/repository/p2/osgi/bundle/org.eclipse.ui.ide.application/1.4.100.v20210506-1050/org.eclipse.ui.ide.application-1.4.100.v20210506-1050.jar,reference:file:/home/chrisg/.m2/repository/p2/osgi/bundle/org.eclipse.ui.navigator.resources/3.8.100.v20210319-0848/org.eclipse.ui.navigator.resources-3.8.100.v20210319-0848.jar,reference:file:/home/chrisg/.m2/repository/p2/osgi/bundle/org.eclipse.ui.views.properties.tabbed/3.9.100.v20201223-1348/org.eclipse.ui.views.properties.tabbed-3.9.100.v20201223-1348.jar,reference:file:/home/chrisg/.m2/repository/p2/osgi/bundle/org.eclipse.xtend.lib.macro/2.25.0.v20210301-0821/org.eclipse.xtend.lib.macro-2.25.0.v20210301-0821.jar,reference:file:/home/chrisg/.m2/repository/p2/osgi/bundle/org.hamcrest.core/1.3.0.v20180420-1519/org.hamcrest.core-1.3.0.v20180420-1519.jar,reference:file:/home/chrisg/.m2/repository/p2/osgi/bundle/org.w3c.dom.smil/1.0.1.v200903091627/org.w3c.dom.smil-1.0.1.v200903091627.jar,reference:file:/home/chrisg/.SpaceVim.d/java/eclipse.jdt.ls/org.eclipse.jdt.ls.tests,reference:file:/home/chrisg/.m2/repository/p2/osgi/bundle/org.eclipse.swt.win32.win32.x86_64/3.116.200.v20210621-2208/org.eclipse.swt.win32.win32.x86_64-3.116.200.v20210621-2208.jar,reference:file:/home/chrisg/.m2/repository/p2/osgi/bundle/org.eclipse.swt.cocoa.macosx.x86_64/3.116.200.v20210621-2208/org.eclipse.swt.cocoa.macosx.x86_64-3.116.200.v20210621-2208.jar,reference:file:/home/chrisg/.m2/repository/org/eclipse/tycho/org.eclipse.tycho.surefire.osgibooter/2.3.0/org.eclipse.tycho.surefire.osgibooter-2.3.0.jar,reference:file:/home/chrisg/.m2/repository/org/eclipse/tycho/org.eclipse.tycho.surefire.junit47/2.3.0/org.eclipse.tycho.surefire.junit47-2.3.0.jar"/>
    <property name="osgi.framework.shape" value="jar"/>
    <property name="java.vm.name" value="OpenJDK 64-Bit Server VM"/>
    <property name="osgi.framework" value="file:/home/chrisg/.m2/repository/p2/osgi/bundle/org.eclipse.osgi/3.16.400.v20210616-1525/org.eclipse.osgi-3.16.400.v20210616-1525.jar"/>
    <property name="osgi.configuration.area" value="file:/home/chrisg/.SpaceVim.d/java/eclipse.jdt.ls/org.eclipse.jdt.ls.tests/target/work/configuration/"/>
    <property name="osgi.os" value="linux"/>
    <property name="osgi.clean" value="true"/>
    <property name="java.vendor.url.bug" value="https://github.com/AdoptOpenJDK/openjdk-support/issues"/>
    <property name="org.osgi.framework.os.name" value="Linux"/>
    <property name="org.osgi.supports.framework.extension" value="true"/>
    <property name="org.osgi.framework.storage" value="/home/chrisg/.SpaceVim.d/java/eclipse.jdt.ls/org.eclipse.jdt.ls.tests/target/work/configuration"/>
    <property name="user.dir" value="/home/chrisg/.SpaceVim.d/java/eclipse.jdt.ls/org.eclipse.jdt.ls.tests"/>
    <property name="os.arch" value="amd64"/>
    <property name="osgi.ws" value="gtk"/>
    <property name="osgi.instance.area" value="file:/home/chrisg/.SpaceVim.d/java/eclipse.jdt.ls/org.eclipse.jdt.ls.tests/target/work/data/"/>
    <property name="eclipse.startTime" value="1626320348968"/>
    <property name="org.osgi.framework.os.version" value="5.12.15"/>
    <property name="java.vm.info" value="mixed mode"/>
    <property name="java.vm.version" value="11.0.11+9"/>
    <property name="java.class.version" value="55.0"/>
  </properties>
  <testcase name="testGetValue" classname="org.eclipse.jdt.ls.core.internal.handlers.MapFlattenerTest" time="0"/>
  <testcase name="testGetList" classname="org.eclipse.jdt.ls.core.internal.handlers.MapFlattenerTest" time="0.002"/>
  <testcase name="testGetBoolean" classname="org.eclipse.jdt.ls.core.internal.handlers.MapFlattenerTest" time="0"/>
  <testcase name="testGetInt" classname="org.eclipse.jdt.ls.core.internal.handlers.MapFlattenerTest" time="0"/>
  <testcase name="testGetString" classname="org.eclipse.jdt.ls.core.internal.handlers.MapFlattenerTest" time="0"/>
</testsuite>